C51 COMPILER V9.55   LED_BLINK_PRO_1                                                       07/21/2016 23:20:45 PAGE 1   


C51 COMPILER V9.55, COMPILATION OF MODULE LED_BLINK_PRO_1
OBJECT MODULE PLACED IN LED blink Pro 1.OBJ
COMPILER INVOKED BY: C:\Keil_v5\C51\BIN\C51.EXE LED blink Pro 1.c OPTIMIZE(8,SPEED) BROWSE DEBUG OBJECTEXTEND PRINT(.\Li
                    -stings\LED blink Pro 1.lst) TABS(2)

line level    source

   1          #include <reg51.h>
   2          sbit LED = P1^0;
   3          void main()
   4          {
   5   1        LED = 0;
   6   1        while(1)
   7   1        {
   8   2          LED =1;
   9   2          LED = 0;
  10   2        }
  11   1      }


MODULE INFORMATION:   STATIC OVERLAYABLE
   CODE SIZE        =      8    ----
   CONSTANT SIZE    =   ----    ----
   XDATA SIZE       =   ----    ----
   PDATA SIZE       =   ----    ----
   DATA SIZE        =   ----    ----
   IDATA SIZE       =   ----    ----
   BIT SIZE         =   ----    ----
END OF MODULE INFORMATION.


C51 COMPILATION COMPLETE.  0 WARNING(S),  0 ERROR(S)
