C51 COMPILER V9.55   SERIAL_COM                                                            11/29/2016 00:10:36 PAGE 1   


C51 COMPILER V9.55, COMPILATION OF MODULE SERIAL_COM
OBJECT MODULE PLACED IN serial_com.OBJ
COMPILER INVOKED BY: C:\Keil_v5\C51\BIN\C51.EXE serial_com.c OPTIMIZE(8,SPEED) BROWSE DEBUG OBJECTEXTEND PRINT(.\Listing
                    -s\serial_com.lst) TABS(2)

line level    source

   1          #include <reg51.h>
   2          sbit but = P2^1;
   3          void serial_print(unsigned char);
   4          void serial_0()
   5          {
   6   1        serial_print('0');
   7   1        serial_print(' ');
   8   1        //serial_print(0x00);
   9   1        //serial_print(0x01);
  10   1        //serial_print(0x02);
  11   1        //serial_print(0x03);
  12   1        //serial_print(0x04);
  13   1        //serial_print(0x05);
  14   1        //serial_print(0x06);
  15   1        //serial_print(0x07);
  16   1        //serial_print(0x08);
  17   1        //serial_print(0x09);
  18   1        //serial_print(0x0A);
  19   1        //serial_print(0x0B);
  20   1        //serial_print(0x0C);                           //   clr before values completely
  21   1        serial_print(0x0D);                         //   feed line
  22   1        //serial_print(0x0E);
  23   1        //serial_print(0x0F);
  24   1        //serial_print(' ');
  25   1      return;
  26   1      }
  27          void serial_1()
  28          {
  29   1         serial_print('1');
  30   1        serial_print(' ');
  31   1        serial_print(0x10);
  32   1        serial_print(0x11);
  33   1        serial_print(0x12);
  34   1        serial_print(0x13);
  35   1        serial_print(0x14);
  36   1        serial_print(0x15);
  37   1        serial_print(0x16);
  38   1        serial_print(0x17);
  39   1        serial_print(0x18);
  40   1        serial_print(0x19);
  41   1        serial_print(0x1A);
  42   1        serial_print(0x1B);
  43   1        serial_print(0x1C);
  44   1        serial_print(0x1D);
  45   1        serial_print(0x1E);
  46   1        serial_print(0x1F);
  47   1        serial_print(' ');
  48   1      return;
  49   1      }
  50          void serial_2()
  51          {
  52   1         serial_print('2');
  53   1        serial_print(' ');
  54   1        serial_print(0x20);
C51 COMPILER V9.55   SERIAL_COM                                                            11/29/2016 00:10:36 PAGE 2   

  55   1        serial_print(0x21);
  56   1        serial_print(0x22);
  57   1        serial_print(0x23);
  58   1        serial_print(0x24);
  59   1        serial_print(0x25);
  60   1        serial_print(0x26);
  61   1        serial_print(0x27);
  62   1        serial_print(0x28);
  63   1        serial_print(0x29);
  64   1        serial_print(0x2A);
  65   1        serial_print(0x2B);
  66   1        serial_print(0x2C);
  67   1        serial_print(0x2D);
  68   1        serial_print(0x2E);
  69   1        serial_print(0x2F);
  70   1        serial_print(' ');
  71   1        
  72   1      return;
  73   1      }
  74          void serial_3()
  75          {
  76   1        serial_print('3');
  77   1        serial_print(' ');
  78   1        serial_print(0x30);
  79   1        serial_print(0x31);
  80   1        serial_print(0x32);
  81   1        serial_print(0x33);
  82   1        serial_print(0x34);
  83   1        serial_print(0x35);
  84   1        serial_print(0x36);
  85   1        serial_print(0x37);
  86   1        serial_print(0x38);
  87   1        serial_print(0x39);
  88   1        serial_print(0x3A);
  89   1        serial_print(0x3B);
  90   1        serial_print(0x3C);
  91   1        serial_print(0x3D);
  92   1        serial_print(0x3E);
  93   1        serial_print(0x3F);
  94   1        serial_print(' ');
  95   1      return;
  96   1      }
  97          void serial_4()
  98          {
  99   1         serial_print('4');
 100   1        serial_print(' ');
 101   1        serial_print(0x40);
 102   1        serial_print(0x41);
 103   1        serial_print(0x42);
 104   1        serial_print(0x43);
 105   1        serial_print(0x44);
 106   1        serial_print(0x45);
 107   1        serial_print(0x46);
 108   1        serial_print(0x47);
 109   1        serial_print(0x48);
 110   1        serial_print(0x49);
 111   1        serial_print(0x4A);
 112   1        serial_print(0x4B);
 113   1        serial_print(0x4C);
 114   1        serial_print(0x4D);
 115   1        serial_print(0x4E);
 116   1        serial_print(0x4F);
C51 COMPILER V9.55   SERIAL_COM                                                            11/29/2016 00:10:36 PAGE 3   

 117   1        serial_print(' ');
 118   1      return;
 119   1      }
 120          void serial_5()
 121          {
 122   1        serial_print('5');
 123   1        serial_print(' ');
 124   1        serial_print(0x50);
 125   1        serial_print(0x51);
 126   1        serial_print(0x52);
 127   1        serial_print(0x53);
 128   1        serial_print(0x54);
 129   1        serial_print(0x55);
 130   1        serial_print(0x56);
 131   1        serial_print(0x57);
 132   1        serial_print(0x58);
 133   1        serial_print(0x59);
 134   1        serial_print(0x5A);
 135   1        serial_print(0x5B);
 136   1        serial_print(0x5C);
 137   1        serial_print(0x5D);
 138   1        serial_print(0x5E);
 139   1        serial_print(0x5F); 
 140   1        serial_print(' ');
 141   1        return;
 142   1      }
 143          void serial_6()
 144          {
 145   1        serial_print('6');
 146   1        serial_print(' ');
 147   1        serial_print(0x60);
 148   1        serial_print(0x61);
 149   1        serial_print(0x62);
 150   1        serial_print(0x63);
 151   1        serial_print(0x64);
 152   1        serial_print(0x65);
 153   1        serial_print(0x66);
 154   1        serial_print(0x67);
 155   1        serial_print(0x68);
 156   1        serial_print(0x69);
 157   1        serial_print(0x6A);
 158   1        serial_print(0x6B);
 159   1        serial_print(0x6C);
 160   1        serial_print(0x6D);
 161   1        serial_print(0x6E);
 162   1        serial_print(0x6F);
 163   1        serial_print(' ');
 164   1      return;
 165   1      }
 166          void serial_7()
 167          {
 168   1        serial_print('7');
 169   1        serial_print(' ');
 170   1        serial_print(0x70);
 171   1        serial_print(0x71);
 172   1        serial_print(0x72);
 173   1        serial_print(0x73);
 174   1        serial_print(0x74);
 175   1        serial_print(0x75);
 176   1        serial_print(0x76);
 177   1        serial_print(0x77);
 178   1        serial_print(0x78);
C51 COMPILER V9.55   SERIAL_COM                                                            11/29/2016 00:10:36 PAGE 4   

 179   1        serial_print(0x79);
 180   1        serial_print(0x7A);
 181   1        serial_print(0x7B);
 182   1        serial_print(0x7C);
 183   1        serial_print(0x7D);
 184   1        serial_print(0x7E);
 185   1        serial_print(0x7F);
 186   1        serial_print(' ');
 187   1      return;
 188   1      }
 189          void serial_8()
 190          {
 191   1         serial_print('8');
 192   1        serial_print(' ');
 193   1        serial_print(0x80);
 194   1        serial_print(0x81);
 195   1        serial_print(0x82);
 196   1        serial_print(0x83);
 197   1        serial_print(0x84);
 198   1        serial_print(0x85);
 199   1        serial_print(0x86);
 200   1        serial_print(0x87);
 201   1        serial_print(0x88);
 202   1        serial_print(0x89);
 203   1        serial_print(0x8A);
 204   1        serial_print(0x8B);
 205   1        serial_print(0x8C);
 206   1        serial_print(0x8D);
 207   1        serial_print(0x8E);
 208   1        serial_print(0x8F);
 209   1        serial_print(' ');
 210   1      return;
 211   1      }
 212          
 213          void serial_9()
 214          {
 215   1        serial_print('9');
 216   1        serial_print(' ');
 217   1        serial_print(0x90);
 218   1        serial_print(0x91);
 219   1        serial_print(0x92);
 220   1        serial_print(0x93);
 221   1        serial_print(0x94);
 222   1        serial_print(0x95);
 223   1        serial_print(0x96);
 224   1        serial_print(0x97);
 225   1        serial_print(0x98);
 226   1        serial_print(0x99);
 227   1        serial_print(0x9A);
 228   1        serial_print(0x9B);
 229   1        serial_print(0x9C);
 230   1        serial_print(0x9D);
 231   1        serial_print(0x9E);
 232   1        serial_print(0x9F); 
 233   1        serial_print(' ');
 234   1      return;
 235   1      }
 236          void serial_A()
 237          {
 238   1        serial_print('A');
 239   1        serial_print(' ');
 240   1        serial_print(0xA0);
C51 COMPILER V9.55   SERIAL_COM                                                            11/29/2016 00:10:36 PAGE 5   

 241   1        serial_print(0xA1);
 242   1        serial_print(0xA2);
 243   1        serial_print(0xA3);
 244   1        serial_print(0xA4);
 245   1        serial_print(0xA5);
 246   1        serial_print(0xA6);
 247   1        serial_print(0xA7);
 248   1        serial_print(0xA8);
 249   1        serial_print(0xA9);
 250   1        serial_print(0xAA);
 251   1        serial_print(0xAB);
 252   1        serial_print(0xAC);
 253   1        serial_print(0xAD);
 254   1        serial_print(0xAE);
 255   1        serial_print(0xAF);
 256   1        serial_print(' ');
 257   1      return;
 258   1      }
 259          void serial_B()
 260          {
 261   1        serial_print('B');
 262   1        serial_print(' ');
 263   1        serial_print(0xB0);                         // Degree symbol
 264   1        //serial_print(0xB1);
 265   1        //serial_print(0xB2);
 266   1        //serial_print(0xB3);
 267   1        //serial_print(0xB4);
 268   1        //serial_print(0xB5);
 269   1        //serial_print(0xB6);
 270   1        //serial_print(0xB7);
 271   1        //serial_print(0xB8);
 272   1        //serial_print(0xB9);
 273   1        //serial_print(0xBA);
 274   1        //serial_print(0xBB);
 275   1        //serial_print(0xBC);
 276   1        //serial_print(0xBD);
 277   1        //serial_print(0xBE);
 278   1        serial_print(0xBF);
 279   1        serial_print(' ');
 280   1      return;
 281   1      }
 282          void serial_C()
 283          {
 284   1        serial_print('C');
 285   1        serial_print(' ');
 286   1        serial_print(0xC0);
 287   1        serial_print(0xC1);
 288   1        serial_print(0xC2);
 289   1        serial_print(0xC3);
 290   1        serial_print(0xC4);
 291   1        serial_print(0xC5);
 292   1        serial_print(0xC6);
 293   1        serial_print(0xC7);
 294   1        serial_print(0xC8);
 295   1        serial_print(0xC9);
 296   1        serial_print(0xCA);
 297   1        serial_print(0xCB);
 298   1        serial_print(0xCC);
 299   1        serial_print(0xCD);
 300   1        serial_print(0xCE);
 301   1        serial_print(0xCF);
 302   1        serial_print(' ');
C51 COMPILER V9.55   SERIAL_COM                                                            11/29/2016 00:10:36 PAGE 6   

 303   1      return;
 304   1      }
 305          void serial_D()
 306          {
 307   1          serial_print('D');
 308   1        serial_print(' ');
 309   1        serial_print(0xD0);
 310   1        serial_print(0xD1);
 311   1        serial_print(0xD2);
 312   1        serial_print(0xD3);
 313   1        serial_print(0xD4);
 314   1        serial_print(0xD5);
 315   1        serial_print(0xD6);
 316   1        serial_print(0xD7);
 317   1        serial_print(0xD8);
 318   1        serial_print(0xD9);
 319   1        serial_print(0xDA);
 320   1        serial_print(0xDB);
 321   1        serial_print(0xDC);
 322   1        serial_print(0xDD);
 323   1        serial_print(0xDE);
 324   1        serial_print(0xDF);
 325   1        serial_print(' ');
 326   1      return;
 327   1      }
 328          void serial_E()
 329          {
 330   1          serial_print('E');
 331   1        serial_print(' ');
 332   1        serial_print(0xE0);
 333   1        serial_print(0xE1);
 334   1        serial_print(0xE2);
 335   1        serial_print(0xE3);
 336   1        serial_print(0xE4);
 337   1        serial_print(0xE5);
 338   1        serial_print(0xE6);
 339   1        serial_print(0xE7);
 340   1        serial_print(0xE8);
 341   1        serial_print(0xE9);
 342   1        serial_print(0xEA);
 343   1        serial_print(0xEB);
 344   1        serial_print(0xEC);
 345   1        serial_print(0xED);
 346   1        serial_print(0xEE);
 347   1        serial_print(0xEF);
 348   1        serial_print(' ');
 349   1        
 350   1        return;
 351   1      }
 352          void serial_F()
 353          {
 354   1          serial_print('F');
 355   1        serial_print(' ');
 356   1        serial_print(0xF0);
 357   1        serial_print(0xF1);
 358   1        serial_print(0xF2);
 359   1        serial_print(0xF3);
 360   1        serial_print(0xF4);
 361   1        serial_print(0xF5);
 362   1        serial_print(0xF6);
 363   1        serial_print(0xF7);
 364   1        serial_print(0xF8);
C51 COMPILER V9.55   SERIAL_COM                                                            11/29/2016 00:10:36 PAGE 7   

 365   1        serial_print(0xF9);
 366   1        serial_print(0xFA);
 367   1        serial_print(0xFB);
 368   1        serial_print(0xFC);
 369   1        serial_print(0xFD);
 370   1        serial_print(0xFE);
 371   1        serial_print(0xFF);
 372   1        serial_print(' ');  
 373   1        return;
 374   1      }
 375          void serial()
 376          {
 377   1        serial_0();
 378   1        serial_1();
 379   1        serial_2();
 380   1        //serial_3();
 381   1        //serial_4();
 382   1        //serial_5();
 383   1        //serial_6();
 384   1        //serial_7();
 385   1        //serial_8();
 386   1        //serial_9();
 387   1        //serial_A();
 388   1        serial_B();
 389   1        //serial_C();
 390   1        //serial_D();
 391   1        //serial_E();
 392   1        //serial_F();
 393   1        return;
 394   1      }
 395          void main()
 396          {
 397   1        int i = 0;
 398   1        TMOD = 0x20;
 399   1        PCON = 0x80;
 400   1        TH1 = 0xFA;
 401   1        SCON = 0x50;
 402   1        TR1 =1; 
 403   1        serial();
 404   1        while(i==0); 
 405   1      }
 406          
 407          void serial_print(unsigned char n)
 408          {
 409   1        SBUF = n;
 410   1        while(TI == 0);
 411   1        TI = 0;
 412   1        return;
 413   1      }


MODULE INFORMATION:   STATIC OVERLAYABLE
   CODE SIZE        =   1436    ----
   CONSTANT SIZE    =   ----    ----
   XDATA SIZE       =   ----    ----
   PDATA SIZE       =   ----    ----
   DATA SIZE        =   ----       2
   IDATA SIZE       =   ----    ----
   BIT SIZE         =   ----    ----
END OF MODULE INFORMATION.


C51 COMPILATION COMPLETE.  0 WARNING(S),  0 ERROR(S)
