C51 COMPILER V9.55   PWM_C                                                                 10/22/2016 14:25:10 PAGE 1   


C51 COMPILER V9.55, COMPILATION OF MODULE PWM_C
OBJECT MODULE PLACED IN PWM_c.OBJ
COMPILER INVOKED BY: C:\Keil_v5\C51\BIN\C51.EXE PWM_c.c OPTIMIZE(8,SPEED) BROWSE DEBUG OBJECTEXTEND PRINT(.\Listings\PWM
                    -_c.lst) TABS(2)

line level    source

   1          #include <reg2051.h>
   2          void pwm(int);
   3          sbit PWM = P1^0;
   4          void main()
   5          {
   6   1        int h,l,t;
   7   1        PWM = 0;
   8   1        t=100;
   9   1        h=90;
  10   1        l=t-h;
  11   1        PWM=1;
  12   1        pwm(h);
  13   1        PWM=0;
  14   1        pwm(l); 
  15   1      }
  16          void pwm(int n)
  17          {
  18   1        int i=0;
  19   1        while(i<n)
  20   1        {
  21   2          TCON=0x01;
  22   2          TH0=0xFC;
  23   2          TL0=0x66;
  24   2          TR0=1;
  25   2          while(TF0 == 0);
  26   2          TR0 = 0;
  27   2          TF0 = 0;
  28   2          i++;
  29   2        }
  30   1      }


MODULE INFORMATION:   STATIC OVERLAYABLE
   CODE SIZE        =     72    ----
   CONSTANT SIZE    =   ----    ----
   XDATA SIZE       =   ----    ----
   PDATA SIZE       =   ----    ----
   DATA SIZE        =   ----       2
   IDATA SIZE       =   ----    ----
   BIT SIZE         =   ----    ----
END OF MODULE INFORMATION.


C51 COMPILATION COMPLETE.  0 WARNING(S),  0 ERROR(S)
