C51 COMPILER V9.55   SERVO_CAM                                                             09/16/2016 08:46:39 PAGE 1   


C51 COMPILER V9.55, COMPILATION OF MODULE SERVO_CAM
OBJECT MODULE PLACED IN Servo CAM.OBJ
COMPILER INVOKED BY: C:\Keil_v5\C51\BIN\C51.EXE Servo CAM.c OPTIMIZE(8,SPEED) BROWSE DEBUG OBJECTEXTEND PRINT(.\Listings
                    -\Servo CAM.lst) TABS(2)

line level    source

   1          #include <reg51.h>
   2          #include <stdio.h>
   3          #include "intrins.h"
   4          sbit SWT1 = P2^0;
   5          sbit SWT2 = P2^1;
   6          sbit servo_pin = P2^2;
   7          void delay_us(unsigned int us);
   8          int pos = 0;
   9          int i,j;
  10          
  11          void main()
  12          {
  13   1      while(1)
  14   1      { 
  15   2        SWT1 = 0;
  16   2        SWT2 = 0;
  17   2        if(SWT1 == 1)
  18   2        {
  19   3         servo_pin = 1;
  20   3         delay_us(152);
  21   3         servo_pin = 0;  
  22   3        }
  23   2        if(SWT2 == 1)
  24   2        { 
  25   3         servo_pin =1;
  26   3         delay_us(50);
  27   3         servo_pin = 0;     
  28   3        }
  29   2      } 
  30   1      }
  31          
  32          void delay_us(unsigned int us)
  33          {
  34   1        while(us--)
  35   1        {
  36   2          _nop_;
*** WARNING C275 IN LINE 36 OF Servo CAM.c: expression with possibly no effect
  37   2        }
  38   1      }


MODULE INFORMATION:   STATIC OVERLAYABLE
   CODE SIZE        =     45    ----
   CONSTANT SIZE    =   ----    ----
   XDATA SIZE       =   ----    ----
   PDATA SIZE       =   ----    ----
   DATA SIZE        =      6    ----
   IDATA SIZE       =   ----    ----
   BIT SIZE         =   ----    ----
END OF MODULE INFORMATION.


C51 COMPILATION COMPLETE.  1 WARNING(S),  0 ERROR(S)
