C51 COMPILER V9.55   PWM_BASED_RGB_CONTROL                                                 10/02/2016 23:33:21 PAGE 1   


C51 COMPILER V9.55, COMPILATION OF MODULE PWM_BASED_RGB_CONTROL
OBJECT MODULE PLACED IN PWM_based_RGB_control.OBJ
COMPILER INVOKED BY: C:\Keil_v5\C51\BIN\C51.EXE PWM_based_RGB_control.c OPTIMIZE(8,SPEED) BROWSE DEBUG OBJECTEXTEND PRIN
                    -T(.\Listings\PWM_based_RGB_control.lst) TABS(2)

line level    source

   1          #include <reg2051.h>
   2          sbit red=P3^0;
   3          sbit green=P3^1;
   4          sbit blue=P3^2;
   5          unsigned int i=0;
   6          void Pwm_Low(unsigned int n) // turn off green and blue 
   7          {
   8   1      green=1;
   9   1      blue=1;
  10   1      while(i<n)
  11   1      { 
  12   2      TH0=0xF8;
  13   2      TL0=0xCC;
  14   2      TR0=1;       
  15   2      while(!TF0); 
  16   2      TF0=0;       
  17   2      TR0=0;
  18   2      i++;
  19   2      } 
  20   1      }
  21          void Pwm_Low1(unsigned int n) //turn off red
  22          {
  23   1      red=1;
  24   1      green=1;
  25   1      blue=1; 
  26   1      while(i<n)
  27   1      {
  28   2      TH0=0xF8;
  29   2      TL0=0xCC;
  30   2      TR0=1;      
  31   2      while(!TF0); 
  32   2      TF0=0;      
  33   2      TR0=0;
  34   2      i++;  
  35   2      }
  36   1      }
  37          void Pwm_High(unsigned int n) // turn on red,green,and blue
  38          {
  39   1      while(i<n)
  40   1      {
  41   2      TH0=0xF8;
  42   2      TL0=0xCC;
  43   2      TR0=1;      
  44   2      while(!TF0); 
  45   2      TF0=0;      
  46   2      TR0=0; 
  47   2      i++;  
  48   2      }
  49   1      Pwm_Low(17);
  50   1      Pwm_Low1(27); 
  51   1      }
  52          void main()
  53          {
  54   1        
C51 COMPILER V9.55   PWM_BASED_RGB_CONTROL                                                 10/02/2016 23:33:21 PAGE 2   

  55   1      P1=0xFF;  
  56   1      TMOD=0x01; 
  57   1      while(1)
  58   1      {
  59   2       red=0;
  60   2       green=0;
  61   2       blue=0;
  62   2       Pwm_High(56);
  63   2      }
  64   1      }


MODULE INFORMATION:   STATIC OVERLAYABLE
   CODE SIZE        =    147    ----
   CONSTANT SIZE    =   ----    ----
   XDATA SIZE       =   ----    ----
   PDATA SIZE       =   ----    ----
   DATA SIZE        =      2    ----
   IDATA SIZE       =   ----    ----
   BIT SIZE         =   ----    ----
END OF MODULE INFORMATION.


C51 COMPILATION COMPLETE.  0 WARNING(S),  0 ERROR(S)
