C51 COMPILER V9.55   SERIAL_COM                                                            11/26/2016 00:27:40 PAGE 1   


C51 COMPILER V9.55, COMPILATION OF MODULE SERIAL_COM
OBJECT MODULE PLACED IN serial_com.OBJ
COMPILER INVOKED BY: C:\Keil_v5\C51\BIN\C51.EXE serial_com.c OPTIMIZE(8,SPEED) BROWSE DEBUG OBJECTEXTEND PRINT(.\Listing
                    -s\serial_com.lst) TABS(2)

line level    source

   1          #include <reg51.h>
   2          sbit but = P2^1;
   3          void main()
   4          {
   5   1        int i,l=0;
   6   1        but = 0;
   7   1        TMOD = 0x20;
   8   1        PCON = 0x80;
   9   1        TH1 = 0xFA;
  10   1        SCON = 0x50;
  11   1        TR1 =1; 
  12   1        if( but == 1)
  13   1        {
  14   2          unsigned char x[] = "in on condition";
  15   2          for(i=0;i<10;i++)
  16   2        {
  17   3          SBUF = x[i];
  18   3          while(TI == 0);
  19   3          TI=0; 
  20   3      }
  21   2        }
  22   1        else
  23   1        {
  24   2          unsigned char y[]="in off condition";
  25   2          for(i=0;i<10;i++)
  26   2        {
  27   3          SBUF = y[i];
  28   3          while(TI == 0);
  29   3          TI=0; 
  30   3      }
  31   2        }
  32   1        
  33   1      }


MODULE INFORMATION:   STATIC OVERLAYABLE
   CODE SIZE        =    126    ----
   CONSTANT SIZE    =     33    ----
   XDATA SIZE       =   ----    ----
   PDATA SIZE       =   ----    ----
   DATA SIZE        =   ----      21
   IDATA SIZE       =   ----    ----
   BIT SIZE         =   ----    ----
END OF MODULE INFORMATION.


C51 COMPILATION COMPLETE.  0 WARNING(S),  0 ERROR(S)
