C51 COMPILER V9.55   7_SEGMENT_IN_8051                                                     09/18/2016 16:14:38 PAGE 1   


C51 COMPILER V9.55, COMPILATION OF MODULE 7_SEGMENT_IN_8051
OBJECT MODULE PLACED IN .\7_segment_in_8051\7_segment_in_8051.obj
COMPILER INVOKED BY: C:\Keil_v5\C51\BIN\C51.EXE 7_segment_in_8051\7_segment_in_8051.c OPTIMIZE(8,SPEED) BROWSE DEBUG OBJ
                    -ECTEXTEND PRINT(.\Listings\7_segment_in_8051.lst) TABS(2) OBJECT(.\7_segment_in_8051\7_segment_in_8051.obj)

line level    source

   1          #include <regx51.h>
   2          void delay1ms(unsigned int i)
   3          { 
   4   1        int c=0;
   5   1        while(c<i)
   6   1        {
   7   2          TMOD=0x01;
   8   2          TH0=0xFC;
   9   2          TL0=0x66;
  10   2          TR0= 1;
  11   2          while(!TF0);
  12   2                    TR0=0;
  13   2                    TF0=0;
  14   2                    c++;
  15   2                     
  16   2        }
  17   1      }
  18          void main()
  19          {
  20   1        P1=0x00;
  21   1        while(1)
  22   1        {
  23   2          P1=0x3F;
  24   2          delay1ms(1000);
  25   2          P1=0x06;
  26   2          delay1ms(1000);
  27   2          P1=0x5B;
  28   2          delay1ms(1000);
  29   2          P1=0x4F;
  30   2          delay1ms(1000);
  31   2          P1=0xE6;
  32   2          delay1ms(1000);
  33   2          P1=0xED;
  34   2          delay1ms(1000);
  35   2          P1=0xFD;
  36   2          delay1ms(1000);
  37   2          P1=0x07;
  38   2          delay1ms(1000);
  39   2          P1=0x7F;
  40   2          delay1ms(1000);
  41   2          P1=0x6F;
  42   2          delay1ms(1000);
  43   2        }
  44   1      }


MODULE INFORMATION:   STATIC OVERLAYABLE
   CODE SIZE        =    105    ----
   CONSTANT SIZE    =   ----    ----
   XDATA SIZE       =   ----    ----
   PDATA SIZE       =   ----    ----
   DATA SIZE        =   ----    ----
   IDATA SIZE       =   ----    ----
   BIT SIZE         =   ----    ----
C51 COMPILER V9.55   7_SEGMENT_IN_8051                                                     09/18/2016 16:14:38 PAGE 2   

END OF MODULE INFORMATION.


C51 COMPILATION COMPLETE.  0 WARNING(S),  0 ERROR(S)
