C51 COMPILER V9.55   EFY                                                                   09/30/2016 10:14:37 PAGE 1   


C51 COMPILER V9.55, COMPILATION OF MODULE EFY
OBJECT MODULE PLACED IN EFY.OBJ
COMPILER INVOKED BY: C:\Keil_v5\C51\BIN\C51.EXE EFY.c OPTIMIZE(8,SPEED) BROWSE DEBUG OBJECTEXTEND TABS(2)

line level    source

   1           #include <reg2051.h>
   2           void delay_ms(unsigned int ms_count);
   3           void delay_us(unsigned int us_count);
   4          #define port1 P3
   5          #define sw P1
   6          
   7          void delay_sec(unsigned char sec_count)
   8           {
   9   1       
  10   1       
  11   1           while(sec_count!=0)
  12   1            {
  13   2               delay_ms(1000);    //delay_ms is called to generate 1sec delay
  14   2               sec_count--;
  15   2              }
  16   1       }
  17           void delay_ms(unsigned int ms_count)
  18           {
  19   1              while(ms_count!=0)
  20   1               {
  21   2                  delay_us(112);   //delay_us is called to generate 1ms delay
  22   2                   ms_count--;
  23   2                  }
  24   1         }
  25          void delay_us(unsigned int us_count)
  26           {  
  27   1          while(us_count!=0)
  28   1            {
  29   2               us_count--;
  30   2             }
  31   1         }   
  32          void main()
  33          {
  34   1      unsigned int x=0,y=1500,z=0;
  35   1      port1=0x00;// red led on state
  36   1      port1=0xfe;
  37   1      delay_sec(3);
  38   1      port1=0xff;
  39   1      delay_sec(3); 
  40   1        
  41   1      port1=0xfd;//green led on state 
  42   1      delay_sec(3);
  43   1      port1=0xff;
  44   1      delay_sec(3);
  45   1      
  46   1      port1=0xfb;//blue led on state 
  47   1      delay_sec(3);
  48   1      port1=0xff;
  49   1      delay_sec(3); 
  50   1      while(1)
  51   1      {
  52   2      switch(sw)
  53   2      {
  54   3      case 0xfe:
  55   3      y=y;z=z;  
C51 COMPILER V9.55   EFY                                                                   09/30/2016 10:14:37 PAGE 2   

  56   3      while(y!=0)//red ON green change
  57   3      {
  58   4      z=z+10;
  59   4      y=y-10;
  60   4      port1=0xfc;  
  61   4      delay_us(y);
  62   4      port1=0xfe;    
  63   4      delay_us(z);
  64   4      }
  65   3      y=y;z=z;
  66   3      while(z!=0)//red ON blue change
  67   3      {
  68   4      z=z-10;
  69   4      y=y+10;
  70   4      port1=0xfa;  
  71   4      delay_us(y);
  72   4      port1=0xfe;    
  73   4      delay_us(z);
  74   4      }
  75   3      y=y;z=z;
  76   3      while(y!=0)//green ON red change
  77   3      {
  78   4      z=z+10;
  79   4      y=y-10;
  80   4      port1=0xfc;  
  81   4      delay_us(y);
  82   4      port1=0xfd;    
  83   4      delay_us(z);
  84   4      }
  85   3      y=y;z=z;
  86   3      while(z!=0)//green ON blue change
  87   3      {
  88   4      z=z-10;
  89   4      y=y+10;
  90   4      port1=0xf9;  
  91   4      delay_us(y);
  92   4      port1=0xfd;    
  93   4      delay_us(z);
  94   4      }
  95   3      y=y;z=z;
  96   3      while(y!=0)//blue ON red change
  97   3      {
  98   4      z=z+10;
  99   4      y=y-10;
 100   4      port1=0xfa;  
 101   4      delay_us(y);
 102   4      port1=0xfb;    
 103   4      delay_us(z);
 104   4      }
 105   3      y=y;z=z;
 106   3      while(z!=0)//blue ON green change
 107   3      {
 108   4      z=z-10;
 109   4      y=y+10;
 110   4      port1=0xf9;  
 111   4      delay_us(y);
 112   4      port1=0xfb;    
 113   4      delay_us(z);
 114   4      }
 115   3      y=y;z=z;
 116   3      while(y!=0)//red gree ON
 117   3      {
C51 COMPILER V9.55   EFY                                                                   09/30/2016 10:14:37 PAGE 3   

 118   4      z=z+10;
 119   4      y=y-10;
 120   4      port1=0xf8;  
 121   4      delay_us(y);
 122   4      port1=0xfc;    
 123   4      delay_us(z);
 124   4      }  
 125   3      y=y;z=z;
 126   3      while(z!=0)//red blue ON
 127   3      {
 128   4      z=z-10;
 129   4      y=y+10;
 130   4      port1=0xf8;  
 131   4      delay_us(y);
 132   4      port1=0xfa;   
 133   4      delay_us(z);
 134   4      }
 135   3      y=y;z=z;
 136   3      while(y!=0)//blue gree ON
 137   3      {
 138   4      z=z+10;
 139   4      y=y-10;
 140   4      port1=0xf8;  
 141   4      delay_us(y);
 142   4      port1=0xf9;    
 143   4      delay_us(z);
 144   4      }  
 145   3      y=y;z=z;
 146   3      while(z!=0)//RED ON BLUE GREEN CHANGES
 147   3      {
 148   4      z=z-10;
 149   4      y=y+10;
 150   4      port1=0xf8;  
 151   4      delay_us(y);
 152   4      port1=0xfe;    
 153   4      delay_us(z);
 154   4      }  
 155   3      y=y;z=z;  
 156   3      while(z!=0)//GREEN ON BLUE RED CHANGES
 157   3      {
 158   4      z=z-10;
 159   4      y=y+10;
 160   4      port1=0xf8;  
 161   4      delay_us(y);
 162   4      port1=0xfd;    
 163   4      delay_us(z);
 164   4      }  
 165   3      y=y;z=z;   
 166   3      while(z!=0)//BLUE ON RED GREEN CHANGES
 167   3      {
 168   4      z=z-10;
 169   4      y=y+10;
 170   4      port1=0xf8;  
 171   4      delay_us(y);
 172   4      port1=0xfb;    
 173   4      delay_us(z);
 174   4      }  
 175   3      port1=0xff;
 176   3      y=y;z=z;   
 177   3      break;
 178   3      case 0xfd:
 179   3      port1=0xfc;//yellow color 
C51 COMPILER V9.55   EFY                                                                   09/30/2016 10:14:37 PAGE 4   

 180   3      delay_sec(3);
 181   3      port1=0xff;
 182   3      delay_sec(1);
 183   3      break;
 184   3      case 0xfb:
 185   3      port1=0xf9;//cyan color 
 186   3      delay_sec(3);
 187   3      port1=0xff;
 188   3      delay_sec(1); 
 189   3      break;
 190   3      case 0xf7:
 191   3      port1=0xfa;//megenta color 
 192   3      delay_sec(3);
 193   3      port1=0xff;
 194   3      delay_sec(3); 
 195   3      port1=0xff;
 196   3      delay_sec(1);
 197   3      break;
 198   3      
 199   3      }}}
 200          
 201          
 202          
 203          
 204          
 205          
 206          
 207          
 208          


MODULE INFORMATION:   STATIC OVERLAYABLE
   CODE SIZE        =    683    ----
   CONSTANT SIZE    =   ----    ----
   XDATA SIZE       =   ----    ----
   PDATA SIZE       =   ----    ----
   DATA SIZE        =   ----       9
   IDATA SIZE       =   ----    ----
   BIT SIZE         =   ----    ----
END OF MODULE INFORMATION.


C51 COMPILATION COMPLETE.  0 WARNING(S),  0 ERROR(S)
