C51 COMPILER V9.55   LCD_8051_PROG                                                         07/24/2016 14:19:23 PAGE 1   


C51 COMPILER V9.55, COMPILATION OF MODULE LCD_8051_PROG
OBJECT MODULE PLACED IN LCD 8051 PROG.OBJ
COMPILER INVOKED BY: C:\Keil_v5\C51\BIN\C51.EXE LCD 8051 PROG.c OPTIMIZE(8,SPEED) BROWSE DEBUG OBJECTEXTEND PRINT(.\List
                    -ings\LCD 8051 PROG.lst) TABS(2)

line level    source

   1          #include <reg51.h>
   2          void delay_ms(unsigned int k)
   3          {
   4   1        unsigned int i,j;
   5   1        for(i=0;i<k;i++)
   6   1        for(j=0;j<100;j++);
   7   1      }
   8          void lcd_disp(char *str)
   9          {
  10   1        unsigned int k,j;
  11   1        unsigned int sd[4] = {0x38,0x0E,0x01,0x80};
  12   1        for(k=0;sd[k]!=0;k++)
  13   1        {
  14   2          P3=0x02;
  15   2          P2=sd[k];
  16   2          delay_ms(1);
  17   2          P3=0x00;
  18   2          delay_ms(100);
  19   2        }
  20   1        for(j=0;str[j]!=0;j++)
  21   1        {
  22   2          P3=0x03;
  23   2          P2=str[j];
  24   2          delay_ms(1);
  25   2          P3=0x01;
  26   2        }
  27   1        delay_ms(2);
  28   1      }
  29          void main(void)
  30          {
  31   1        P2=0x00;
  32   1        P3=0X00;
  33   1        while(1)
  34   1        {
  35   2          lcd_disp("SRI AISHWARIYA");
  36   2        }
  37   1        
  38   1      }


MODULE INFORMATION:   STATIC OVERLAYABLE
   CODE SIZE        =    169    ----
   CONSTANT SIZE    =     23    ----
   XDATA SIZE       =   ----    ----
   PDATA SIZE       =   ----    ----
   DATA SIZE        =   ----      13
   IDATA SIZE       =   ----    ----
   BIT SIZE         =   ----    ----
END OF MODULE INFORMATION.


C51 COMPILATION COMPLETE.  0 WARNING(S),  0 ERROR(S)
